
INFO   - 2023-09-03 16:14:05,594 в модуле task_4 функция "<module>()" : True
INFO   - 2023-09-03 16:14:05,594 в модуле task_4 функция "<module>()" : False
INFO   - 2023-09-03 16:14:05,595 в модуле task_4 функция "<module>()" : [11, 4, 6]
[44, 10, 12]
[14, 16, 99]

ERROR  - 2023-09-03 16:14:05,595 в модуле task_4 функция "__add__()" : Конфликт размерности матриц, matrix_a = 3x3; matrix_b = 2x3
INFO   - 2023-09-03 16:14:05,595 в модуле task_4 функция "<module>()" : None
INFO   - 2023-09-03 16:14:05,595 в модуле task_4 функция "<module>()" : [111, 36, 285]
[282, 81, 582]
[453, 126, 879]

ERROR  - 2023-09-03 16:14:05,596 в модуле task_4 функция "__mul__()" : Конфликт размерности матриц, matrix_a = 3x3; matrix_b = 2x3
INFO   - 2023-09-03 16:14:05,596 в модуле task_4 функция "<module>()" : None
INFO   - 2023-09-03 16:22:19,718 в модуле task_4 функция "<module>()" : True
INFO   - 2023-09-03 16:22:19,719 в модуле task_4 функция "<module>()" : False
INFO   - 2023-09-03 16:22:19,719 в модуле task_4 функция "<module>()" : [11, 4, 6]
[44, 10, 12]
[14, 16, 99]

ERROR  - 2023-09-03 16:22:19,719 в модуле task_4 функция "__add__()" : Конфликт размерности матриц, matrix_a = 3x3; matrix_b = 2x3
INFO   - 2023-09-03 16:22:19,719 в модуле task_4 функция "<module>()" : None
INFO   - 2023-09-03 16:22:19,719 в модуле task_4 функция "<module>()" : [111, 36, 285]
[282, 81, 582]
[453, 126, 879]

ERROR  - 2023-09-03 16:22:19,719 в модуле task_4 функция "__mul__()" : Конфликт размерности матриц, matrix_a = 3x3; matrix_b = 2x3
INFO   - 2023-09-03 16:22:19,719 в модуле task_4 функция "<module>()" : None
INFO   - 2023-09-03 17:09:30,574 в модуле task_4 функция "<module>()" : True
INFO   - 2023-09-03 17:09:30,574 в модуле task_4 функция "<module>()" : False
INFO   - 2023-09-03 17:09:30,575 в модуле task_4 функция "<module>()" : [11, 4, 6]
[44, 10, 12]
[14, 16, 99]

ERROR  - 2023-09-03 17:09:30,575 в модуле task_4 функция "__add__()" : Конфликт размерности матриц, matrix_a = 3x3; matrix_b = 2x3
INFO   - 2023-09-03 17:09:30,575 в модуле task_4 функция "<module>()" : None
INFO   - 2023-09-03 17:09:30,575 в модуле task_4 функция "<module>()" : [111, 36, 285]
[282, 81, 582]
[453, 126, 879]

ERROR  - 2023-09-03 17:09:30,575 в модуле task_4 функция "__mul__()" : Конфликт размерности матриц, matrix_a = 3x3; matrix_b = 2x3
INFO   - 2023-09-03 17:09:30,575 в модуле task_4 функция "<module>()" : None
